# Logfile created on 2013-12-29 22:42:39 -0800 by logger.rb/31641
I, [2013-12-29T22:42:39.472772 #62966]  INFO -- : 0:  bundler (1.5.1) from /Users/szelvenskiy/.rvm/gems/ruby-1.9.3-p448/specifications/bundler-1.5.1.gemspec
I, [2013-12-29T22:42:40.039442 #62966]  INFO -- : 0:  diff-lcs (1.1.3) from /Users/szelvenskiy/.rvm/gems/ruby-1.9.3-p448/specifications/diff-lcs-1.1.3.gemspec
I, [2013-12-29T22:42:41.568775 #62966]  INFO -- : 0:  rspec-core (2.12.2) from /Users/szelvenskiy/.rvm/gems/ruby-1.9.3-p448/specifications/rspec-core-2.12.2.gemspec
I, [2013-12-29T22:42:42.178432 #62966]  INFO -- : 0:  rspec-expectations (2.12.1) from /Users/szelvenskiy/.rvm/gems/ruby-1.9.3-p448/specifications/rspec-expectations-2.12.1.gemspec
I, [2013-12-29T22:42:43.008776 #62966]  INFO -- : 0:  rspec-mocks (2.12.1) from /Users/szelvenskiy/.rvm/gems/ruby-1.9.3-p448/specifications/rspec-mocks-2.12.1.gemspec
I, [2013-12-29T22:42:43.284955 #62966]  INFO -- : 0:  rspec (2.12.0) from /Users/szelvenskiy/.rvm/gems/ruby-1.9.3-p448/specifications/rspec-2.12.0.gemspec
I, [2013-12-29T22:42:43.304113 #62966]  INFO -- : 0:  ruby_path (0.0.1) from /Users/szelvenskiy/ruby_path/ruby_path.gemspec
I, [2013-12-29T23:10:05.368045 #64280]  INFO -- : 0:  bundler (1.5.1) from /Users/szelvenskiy/.rvm/gems/ruby-1.9.3-p448/specifications/bundler-1.5.1.gemspec
I, [2013-12-29T23:10:05.376110 #64280]  INFO -- : 0:  diff-lcs (1.1.3) from /Users/szelvenskiy/.rvm/gems/ruby-1.9.3-p448/specifications/diff-lcs-1.1.3.gemspec
I, [2013-12-29T23:10:05.376474 #64280]  INFO -- : 0:  rspec-core (2.12.2) from /Users/szelvenskiy/.rvm/gems/ruby-1.9.3-p448/specifications/rspec-core-2.12.2.gemspec
I, [2013-12-29T23:10:05.376810 #64280]  INFO -- : 0:  rspec-expectations (2.12.1) from /Users/szelvenskiy/.rvm/gems/ruby-1.9.3-p448/specifications/rspec-expectations-2.12.1.gemspec
I, [2013-12-29T23:10:05.377133 #64280]  INFO -- : 0:  rspec-mocks (2.12.1) from /Users/szelvenskiy/.rvm/gems/ruby-1.9.3-p448/specifications/rspec-mocks-2.12.1.gemspec
I, [2013-12-29T23:10:05.377499 #64280]  INFO -- : 0:  rspec (2.12.0) from /Users/szelvenskiy/.rvm/gems/ruby-1.9.3-p448/specifications/rspec-2.12.0.gemspec
I, [2013-12-29T23:10:05.405405 #64280]  INFO -- : 0:  ruby_path (0.0.1) from /Users/szelvenskiy/ruby_path/ruby_path.gemspec
I, [2013-12-29T23:17:46.054030 #64534]  INFO -- : 0:  bundler (1.5.1) from /Users/szelvenskiy/.rvm/gems/ruby-1.9.3-p448/specifications/bundler-1.5.1.gemspec
I, [2013-12-29T23:17:47.334061 #64534]  INFO -- : 0:  timers (1.1.0) from /Users/szelvenskiy/.rvm/gems/ruby-1.9.3-p448/specifications/timers-1.1.0.gemspec
I, [2013-12-29T23:17:48.020560 #64534]  INFO -- : 0:  celluloid (0.15.2) from /Users/szelvenskiy/.rvm/gems/ruby-1.9.3-p448/specifications/celluloid-0.15.2.gemspec
I, [2013-12-29T23:17:48.738555 #64534]  INFO -- : 0:  coderay (1.1.0) from /Users/szelvenskiy/.rvm/gems/ruby-1.9.3-p448/specifications/coderay-1.1.0.gemspec
I, [2013-12-29T23:17:48.739016 #64534]  INFO -- : 0:  diff-lcs (1.1.3) from /Users/szelvenskiy/.rvm/gems/ruby-1.9.3-p448/specifications/diff-lcs-1.1.3.gemspec
I, [2013-12-29T23:17:56.673857 #64534]  INFO -- : 0:  ffi (1.9.3) from /Users/szelvenskiy/.rvm/gems/ruby-1.9.3-p448/specifications/ffi-1.9.3.gemspec
I, [2013-12-29T23:17:56.674339 #64534]  INFO -- : 0:  formatador (0.2.4) from /Users/szelvenskiy/.rvm/gems/ruby-1.9.3-p448/specifications/formatador-0.2.4.gemspec
I, [2013-12-29T23:17:59.217479 #64534]  INFO -- : 0:  rb-fsevent (0.9.3) from /Users/szelvenskiy/.rvm/gems/ruby-1.9.3-p448/specifications/rb-fsevent-0.9.3.gemspec
I, [2013-12-29T23:17:59.822050 #64534]  INFO -- : 0:  rb-inotify (0.9.3) from /Users/szelvenskiy/.rvm/gems/ruby-1.9.3-p448/specifications/rb-inotify-0.9.3.gemspec
I, [2013-12-29T23:18:00.504125 #64534]  INFO -- : 0:  listen (2.4.0) from /Users/szelvenskiy/.rvm/gems/ruby-1.9.3-p448/specifications/listen-2.4.0.gemspec
I, [2013-12-29T23:18:01.368363 #64534]  INFO -- : 0:  lumberjack (1.0.4) from /Users/szelvenskiy/.rvm/gems/ruby-1.9.3-p448/specifications/lumberjack-1.0.4.gemspec
I, [2013-12-29T23:18:01.912038 #64534]  INFO -- : 0:  method_source (0.8.2) from /Users/szelvenskiy/.rvm/gems/ruby-1.9.3-p448/specifications/method_source-0.8.2.gemspec
I, [2013-12-29T23:18:02.489296 #64534]  INFO -- : 0:  slop (3.4.7) from /Users/szelvenskiy/.rvm/gems/ruby-1.9.3-p448/specifications/slop-3.4.7.gemspec
I, [2013-12-29T23:18:03.512533 #64534]  INFO -- : 0:  pry (0.9.12.4) from /Users/szelvenskiy/.rvm/gems/ruby-1.9.3-p448/specifications/pry-0.9.12.4.gemspec
I, [2013-12-29T23:18:04.233650 #64534]  INFO -- : 0:  thor (0.18.1) from /Users/szelvenskiy/.rvm/gems/ruby-1.9.3-p448/specifications/thor-0.18.1.gemspec
I, [2013-12-29T23:18:05.087829 #64534]  INFO -- : 0:  guard (2.2.5) from /Users/szelvenskiy/.rvm/gems/ruby-1.9.3-p448/specifications/guard-2.2.5.gemspec
I, [2013-12-29T23:18:05.088234 #64534]  INFO -- : 0:  rspec-core (2.12.2) from /Users/szelvenskiy/.rvm/gems/ruby-1.9.3-p448/specifications/rspec-core-2.12.2.gemspec
I, [2013-12-29T23:18:05.088552 #64534]  INFO -- : 0:  rspec-expectations (2.12.1) from /Users/szelvenskiy/.rvm/gems/ruby-1.9.3-p448/specifications/rspec-expectations-2.12.1.gemspec
I, [2013-12-29T23:18:05.088862 #64534]  INFO -- : 0:  rspec-mocks (2.12.1) from /Users/szelvenskiy/.rvm/gems/ruby-1.9.3-p448/specifications/rspec-mocks-2.12.1.gemspec
I, [2013-12-29T23:18:05.089153 #64534]  INFO -- : 0:  rspec (2.12.0) from /Users/szelvenskiy/.rvm/gems/ruby-1.9.3-p448/specifications/rspec-2.12.0.gemspec
I, [2013-12-29T23:18:05.723540 #64534]  INFO -- : 0:  guard-rspec (2.5.4) from /Users/szelvenskiy/.rvm/gems/ruby-1.9.3-p448/specifications/guard-rspec-2.5.4.gemspec
I, [2013-12-29T23:18:05.735580 #64534]  INFO -- : 0:  ruby_path (0.0.1) from /Users/szelvenskiy/ruby_path/ruby_path.gemspec
